<?xml version="1.0" encoding="UTF-8"?>
<robot generator="Robot 4.1.3 (Python 3.10.0 on win32)" generated="20220123 20:24:21.284" rpa="false" schemaversion="2">
<suite id="s1" name="Tests" source="C:\Users\brame\OneDrive\Bureaublad\programmeren\intelije - java\robot-tests-project\Herexamen\tests">
<suite id="s1-s1" name="apartmentTest" source="C:\Users\brame\OneDrive\Bureaublad\programmeren\intelije - java\robot-tests-project\Herexamen\tests\apartmentTest.robot">
<kw name="Open My Website" library="basePage" type="SETUP">
<kw name="Open Browser" library="SeleniumLibrary">
<arg>${url}</arg>
<arg>${browser}</arg>
<doc>Opens a new browser instance to the optional ``url``.</doc>
<msg timestamp="20220123 20:24:21.822" level="INFO">Opening browser 'Google Chrome' to base url 'https://froomi.herokuapp.com/'.</msg>
<msg timestamp="20220123 20:24:21.849" level="INFO">Cannot capture screenshot because no browser is open.</msg>
<msg timestamp="20220123 20:24:21.919" level="FAIL">WebDriverException: Message: 'chromedriver' executable needs to be in PATH. Please see https://chromedriver.chromium.org/home
</msg>
<status status="FAIL" starttime="20220123 20:24:21.822" endtime="20220123 20:24:21.919"/>
</kw>
<status status="FAIL" starttime="20220123 20:24:21.821" endtime="20220123 20:24:21.920"/>
</kw>
<test id="s1-s1-t1" name="Hide Apartment As Admin">
<status status="FAIL" starttime="20220123 20:24:21.920" endtime="20220123 20:24:21.921">Parent suite setup failed:
WebDriverException: Message: 'chromedriver' executable needs to be in PATH. Please see https://chromedriver.chromium.org/home
</status>
</test>
<kw name="Close Browser" library="SeleniumLibrary" type="TEARDOWN">
<doc>Closes the current browser.</doc>
<status status="PASS" starttime="20220123 20:24:21.923" endtime="20220123 20:24:21.923"/>
</kw>
<status status="FAIL" starttime="20220123 20:24:21.324" endtime="20220123 20:24:21.923">Suite setup failed:
WebDriverException: Message: 'chromedriver' executable needs to be in PATH. Please see https://chromedriver.chromium.org/home
</status>
</suite>
<suite id="s1-s2" name="signInTest" source="C:\Users\brame\OneDrive\Bureaublad\programmeren\intelije - java\robot-tests-project\Herexamen\tests\signInTest.robot">
<kw name="Open My Website" library="basePage" type="SETUP">
<kw name="Open Browser" library="SeleniumLibrary">
<arg>${url}</arg>
<arg>${browser}</arg>
<doc>Opens a new browser instance to the optional ``url``.</doc>
<msg timestamp="20220123 20:24:21.971" level="INFO">Opening browser 'Google Chrome' to base url 'https://froomi.herokuapp.com/'.</msg>
<msg timestamp="20220123 20:24:21.974" level="INFO">Cannot capture screenshot because no browser is open.</msg>
<msg timestamp="20220123 20:24:21.975" level="FAIL">WebDriverException: Message: 'chromedriver' executable needs to be in PATH. Please see https://chromedriver.chromium.org/home
</msg>
<status status="FAIL" starttime="20220123 20:24:21.971" endtime="20220123 20:24:21.975"/>
</kw>
<status status="FAIL" starttime="20220123 20:24:21.970" endtime="20220123 20:24:21.976"/>
</kw>
<test id="s1-s2-t1" name="Login As Admin">
<status status="FAIL" starttime="20220123 20:24:21.976" endtime="20220123 20:24:21.977">Parent suite setup failed:
WebDriverException: Message: 'chromedriver' executable needs to be in PATH. Please see https://chromedriver.chromium.org/home
</status>
</test>
<kw name="Close Browser" library="SeleniumLibrary" type="TEARDOWN">
<doc>Closes the current browser.</doc>
<status status="PASS" starttime="20220123 20:24:21.978" endtime="20220123 20:24:21.978"/>
</kw>
<status status="FAIL" starttime="20220123 20:24:21.925" endtime="20220123 20:24:21.978">Suite setup failed:
WebDriverException: Message: 'chromedriver' executable needs to be in PATH. Please see https://chromedriver.chromium.org/home
</status>
</suite>
<status status="FAIL" starttime="20220123 20:24:21.286" endtime="20220123 20:24:21.980"/>
</suite>
<statistics>
<total>
<stat pass="0" fail="2" skip="0">All Tests</stat>
</total>
<tag>
</tag>
<suite>
<stat pass="0" fail="2" skip="0" id="s1" name="Tests">Tests</stat>
<stat pass="0" fail="1" skip="0" id="s1-s1" name="apartmentTest">Tests.apartmentTest</stat>
<stat pass="0" fail="1" skip="0" id="s1-s2" name="signInTest">Tests.signInTest</stat>
</suite>
</statistics>
<errors>
</errors>
</robot>
